0 info it worked if it ends with ok
1 verbose cli [ 'node', '/usr/local/bin/npm', 'install' ]
2 info using npm@2.12.1
3 info using node@v0.12.7
4 verbose node symlink /usr/local/bin/node
5 verbose readDependencies loading dependencies from /Users/g/w/tutorials/railsAngular/package.json
6 warn package.json angularRails@0.0.1 No repository field.
7 warn package.json angularRails@0.0.1 No license field.
8 verbose install where, deps [ '/Users/g/w/tutorials/railsAngular',
8 verbose install   [ 'browser-sync',
8 verbose install     'browser-sync-spa',
8 verbose install     'bower',
8 verbose install     'chalk',
8 verbose install     'concat-stream',
8 verbose install     'del',
8 verbose install     'gulp',
8 verbose install     'gulp-angular-filesort',
8 verbose install     'gulp-angular-templatecache',
8 verbose install     'gulp-autoprefixer',
8 verbose install     'gulp-csso',
8 verbose install     'gulp-filter',
8 verbose install     'gulp-flatten',
8 verbose install     'gulp-inject',
8 verbose install     'gulp-jshint',
8 verbose install     'gulp-load-plugins',
8 verbose install     'gulp-minify-html',
8 verbose install     'gulp-ng-annotate',
8 verbose install     'gulp-protractor',
8 verbose install     'gulp-rename',
8 verbose install     'gulp-replace',
8 verbose install     'gulp-rev',
8 verbose install     'gulp-rev-replace',
8 verbose install     'gulp-size',
8 verbose install     'gulp-sourcemaps',
8 verbose install     'gulp-uglify',
8 verbose install     'gulp-useref',
8 verbose install     'gulp-util',
8 verbose install     'http-proxy-middleware',
8 verbose install     'jshint-stylish',
8 verbose install     'karma',
8 verbose install     'karma-angular-filesort',
8 verbose install     'karma-jasmine',
8 verbose install     'karma-ng-html2js-preprocessor',
8 verbose install     'karma-phantomjs-launcher',
8 verbose install     'lodash',
8 verbose install     'main-bower-files',
8 verbose install     'merge-stream',
8 verbose install     'require-dir',
8 verbose install     'uglify-save-license',
8 verbose install     'wiredep',
8 verbose install     'wrench' ] ]
9 verbose install where, peers [ '/Users/g/w/tutorials/railsAngular', [] ]
10 verbose installManyTop reading for lifecycle /Users/g/w/tutorials/railsAngular/package.json
11 info preinstall angularRails@0.0.1
12 verbose installManyTop reading scoped package data from /Users/g/w/tutorials/railsAngular/node_modules/bower/package.json
13 verbose installManyTop reading scoped package data from /Users/g/w/tutorials/railsAngular/node_modules/browser-sync/package.json
14 verbose installManyTop reading scoped package data from /Users/g/w/tutorials/railsAngular/node_modules/browser-sync-spa/package.json
15 verbose installManyTop reading scoped package data from /Users/g/w/tutorials/railsAngular/node_modules/chalk/package.json
16 verbose installManyTop reading scoped package data from /Users/g/w/tutorials/railsAngular/node_modules/concat-stream/package.json
17 verbose installManyTop reading scoped package data from /Users/g/w/tutorials/railsAngular/node_modules/del/package.json
18 verbose installManyTop reading scoped package data from /Users/g/w/tutorials/railsAngular/node_modules/gulp/package.json
19 verbose installManyTop reading scoped package data from /Users/g/w/tutorials/railsAngular/node_modules/gulp-angular-filesort/package.json
20 verbose installManyTop reading scoped package data from /Users/g/w/tutorials/railsAngular/node_modules/gulp-angular-templatecache/package.json
21 verbose installManyTop reading scoped package data from /Users/g/w/tutorials/railsAngular/node_modules/gulp-autoprefixer/package.json
22 verbose installManyTop reading scoped package data from /Users/g/w/tutorials/railsAngular/node_modules/gulp-csso/package.json
23 verbose installManyTop reading scoped package data from /Users/g/w/tutorials/railsAngular/node_modules/gulp-filter/package.json
24 verbose installManyTop reading scoped package data from /Users/g/w/tutorials/railsAngular/node_modules/gulp-flatten/package.json
25 verbose installManyTop reading scoped package data from /Users/g/w/tutorials/railsAngular/node_modules/gulp-inject/package.json
26 verbose installManyTop reading scoped package data from /Users/g/w/tutorials/railsAngular/node_modules/gulp-jshint/package.json
27 verbose installManyTop reading scoped package data from /Users/g/w/tutorials/railsAngular/node_modules/gulp-load-plugins/package.json
28 verbose installManyTop reading scoped package data from /Users/g/w/tutorials/railsAngular/node_modules/gulp-minify-html/package.json
29 verbose installManyTop reading scoped package data from /Users/g/w/tutorials/railsAngular/node_modules/gulp-ng-annotate/package.json
30 verbose installManyTop reading scoped package data from /Users/g/w/tutorials/railsAngular/node_modules/gulp-protractor/package.json
31 verbose installManyTop reading scoped package data from /Users/g/w/tutorials/railsAngular/node_modules/gulp-rename/package.json
32 verbose installManyTop reading scoped package data from /Users/g/w/tutorials/railsAngular/node_modules/gulp-replace/package.json
33 verbose installManyTop reading scoped package data from /Users/g/w/tutorials/railsAngular/node_modules/gulp-rev/package.json
34 verbose installManyTop reading scoped package data from /Users/g/w/tutorials/railsAngular/node_modules/gulp-rev-replace/package.json
35 verbose installManyTop reading scoped package data from /Users/g/w/tutorials/railsAngular/node_modules/gulp-size/package.json
36 verbose installManyTop reading scoped package data from /Users/g/w/tutorials/railsAngular/node_modules/gulp-sourcemaps/package.json
37 verbose installManyTop reading scoped package data from /Users/g/w/tutorials/railsAngular/node_modules/gulp-uglify/package.json
38 verbose installManyTop reading scoped package data from /Users/g/w/tutorials/railsAngular/node_modules/gulp-useref/package.json
39 verbose installManyTop reading scoped package data from /Users/g/w/tutorials/railsAngular/node_modules/gulp-util/package.json
40 verbose installManyTop reading scoped package data from /Users/g/w/tutorials/railsAngular/node_modules/http-proxy-middleware/package.json
41 verbose installManyTop reading scoped package data from /Users/g/w/tutorials/railsAngular/node_modules/jasmine-core/package.json
42 verbose installManyTop reading scoped package data from /Users/g/w/tutorials/railsAngular/node_modules/jshint-stylish/package.json
43 verbose installManyTop reading scoped package data from /Users/g/w/tutorials/railsAngular/node_modules/karma/package.json
44 verbose installManyTop reading scoped package data from /Users/g/w/tutorials/railsAngular/node_modules/karma-angular-filesort/package.json
45 verbose installManyTop reading scoped package data from /Users/g/w/tutorials/railsAngular/node_modules/karma-jasmine/package.json
46 verbose installManyTop reading scoped package data from /Users/g/w/tutorials/railsAngular/node_modules/karma-ng-html2js-preprocessor/package.json
47 verbose installManyTop reading scoped package data from /Users/g/w/tutorials/railsAngular/node_modules/karma-phantomjs-launcher/package.json
48 verbose installManyTop reading scoped package data from /Users/g/w/tutorials/railsAngular/node_modules/lodash/package.json
49 verbose installManyTop reading scoped package data from /Users/g/w/tutorials/railsAngular/node_modules/main-bower-files/package.json
50 verbose installManyTop reading scoped package data from /Users/g/w/tutorials/railsAngular/node_modules/merge-stream/package.json
51 verbose installManyTop reading scoped package data from /Users/g/w/tutorials/railsAngular/node_modules/phantomjs/package.json
52 verbose installManyTop reading scoped package data from /Users/g/w/tutorials/railsAngular/node_modules/require-dir/package.json
53 verbose installManyTop reading scoped package data from /Users/g/w/tutorials/railsAngular/node_modules/uglify-save-license/package.json
54 verbose installManyTop reading scoped package data from /Users/g/w/tutorials/railsAngular/node_modules/wiredep/package.json
55 verbose installManyTop reading scoped package data from /Users/g/w/tutorials/railsAngular/node_modules/wrench/package.json
56 info package.json bower@1.4.1 No license field.
57 info package.json gulp-inject@1.3.1 No license field.
58 info package.json gulp-ng-annotate@1.0.0 license should be a valid SPDX license expression
59 info package.json gulp-protractor@1.0.0 No license field.
60 info package.json gulp-rename@1.2.2 No license field.
61 info package.json phantomjs@1.9.17 No license field.
62 info package.json uglify-save-license@0.4.1 No license field.
63 info package.json wiredep@2.2.2 No license field.
64 info package.json wrench@1.5.8 No license field.
65 verbose readDependencies loading dependencies from /Users/g/w/tutorials/railsAngular/package.json
66 verbose targetResolver reading package data from /Users/g/w/tutorials/railsAngular/node_modules/bower/package.json
67 verbose targetResolver reading package data from /Users/g/w/tutorials/railsAngular/node_modules/browser-sync/package.json
68 verbose targetResolver reading package data from /Users/g/w/tutorials/railsAngular/node_modules/browser-sync-spa/package.json
69 verbose targetResolver reading package data from /Users/g/w/tutorials/railsAngular/node_modules/chalk/package.json
70 verbose targetResolver reading package data from /Users/g/w/tutorials/railsAngular/node_modules/concat-stream/package.json
71 verbose targetResolver reading package data from /Users/g/w/tutorials/railsAngular/node_modules/del/package.json
72 verbose targetResolver reading package data from /Users/g/w/tutorials/railsAngular/node_modules/gulp/package.json
73 verbose targetResolver reading package data from /Users/g/w/tutorials/railsAngular/node_modules/gulp-angular-filesort/package.json
74 verbose targetResolver reading package data from /Users/g/w/tutorials/railsAngular/node_modules/gulp-angular-templatecache/package.json
75 verbose targetResolver reading package data from /Users/g/w/tutorials/railsAngular/node_modules/gulp-autoprefixer/package.json
76 verbose targetResolver reading package data from /Users/g/w/tutorials/railsAngular/node_modules/gulp-csso/package.json
77 verbose targetResolver reading package data from /Users/g/w/tutorials/railsAngular/node_modules/gulp-filter/package.json
78 verbose targetResolver reading package data from /Users/g/w/tutorials/railsAngular/node_modules/gulp-flatten/package.json
79 verbose targetResolver reading package data from /Users/g/w/tutorials/railsAngular/node_modules/gulp-inject/package.json
80 verbose targetResolver reading package data from /Users/g/w/tutorials/railsAngular/node_modules/gulp-jshint/package.json
81 verbose targetResolver reading package data from /Users/g/w/tutorials/railsAngular/node_modules/gulp-load-plugins/package.json
82 verbose targetResolver reading package data from /Users/g/w/tutorials/railsAngular/node_modules/gulp-minify-html/package.json
83 verbose targetResolver reading package data from /Users/g/w/tutorials/railsAngular/node_modules/gulp-ng-annotate/package.json
84 verbose targetResolver reading package data from /Users/g/w/tutorials/railsAngular/node_modules/gulp-protractor/package.json
85 verbose targetResolver reading package data from /Users/g/w/tutorials/railsAngular/node_modules/gulp-rename/package.json
86 verbose targetResolver reading package data from /Users/g/w/tutorials/railsAngular/node_modules/gulp-replace/package.json
87 verbose targetResolver reading package data from /Users/g/w/tutorials/railsAngular/node_modules/gulp-rev/package.json
88 verbose targetResolver reading package data from /Users/g/w/tutorials/railsAngular/node_modules/gulp-rev-replace/package.json
89 verbose targetResolver reading package data from /Users/g/w/tutorials/railsAngular/node_modules/gulp-size/package.json
90 verbose targetResolver reading package data from /Users/g/w/tutorials/railsAngular/node_modules/gulp-sourcemaps/package.json
91 verbose targetResolver reading package data from /Users/g/w/tutorials/railsAngular/node_modules/gulp-uglify/package.json
92 verbose targetResolver reading package data from /Users/g/w/tutorials/railsAngular/node_modules/gulp-useref/package.json
93 verbose targetResolver reading package data from /Users/g/w/tutorials/railsAngular/node_modules/gulp-util/package.json
94 verbose targetResolver reading package data from /Users/g/w/tutorials/railsAngular/node_modules/http-proxy-middleware/package.json
95 verbose targetResolver reading package data from /Users/g/w/tutorials/railsAngular/node_modules/jasmine-core/package.json
96 verbose targetResolver reading package data from /Users/g/w/tutorials/railsAngular/node_modules/jshint-stylish/package.json
97 verbose targetResolver reading package data from /Users/g/w/tutorials/railsAngular/node_modules/karma/package.json
98 verbose targetResolver reading package data from /Users/g/w/tutorials/railsAngular/node_modules/karma-angular-filesort/package.json
99 verbose targetResolver reading package data from /Users/g/w/tutorials/railsAngular/node_modules/karma-jasmine/package.json
100 verbose targetResolver reading package data from /Users/g/w/tutorials/railsAngular/node_modules/karma-ng-html2js-preprocessor/package.json
101 verbose targetResolver reading package data from /Users/g/w/tutorials/railsAngular/node_modules/karma-phantomjs-launcher/package.json
102 verbose targetResolver reading package data from /Users/g/w/tutorials/railsAngular/node_modules/lodash/package.json
103 verbose targetResolver reading package data from /Users/g/w/tutorials/railsAngular/node_modules/main-bower-files/package.json
104 verbose targetResolver reading package data from /Users/g/w/tutorials/railsAngular/node_modules/merge-stream/package.json
105 verbose targetResolver reading package data from /Users/g/w/tutorials/railsAngular/node_modules/phantomjs/package.json
106 verbose targetResolver reading package data from /Users/g/w/tutorials/railsAngular/node_modules/require-dir/package.json
107 verbose targetResolver reading package data from /Users/g/w/tutorials/railsAngular/node_modules/uglify-save-license/package.json
108 verbose targetResolver reading package data from /Users/g/w/tutorials/railsAngular/node_modules/wiredep/package.json
109 verbose targetResolver reading package data from /Users/g/w/tutorials/railsAngular/node_modules/wrench/package.json
110 verbose targetResolver reading package data from /Users/g/w/tutorials/railsAngular/node_modules/.bin/bower/package.json
111 verbose targetResolver reading package data from /Users/g/w/tutorials/railsAngular/node_modules/.bin/browser-sync/package.json
112 verbose targetResolver reading package data from /Users/g/w/tutorials/railsAngular/node_modules/.bin/gulp/package.json
113 verbose targetResolver reading package data from /Users/g/w/tutorials/railsAngular/node_modules/.bin/karma/package.json
114 verbose targetResolver reading package data from /Users/g/w/tutorials/railsAngular/node_modules/.bin/phantomjs/package.json
115 verbose targetResolver reading package data from /Users/g/w/tutorials/railsAngular/node_modules/.bin/wiredep/package.json
116 verbose already installed skipping gulp-filter@~2.0.2 /Users/g/w/tutorials/railsAngular
117 verbose already installed skipping gulp-flatten@~0.0.4 /Users/g/w/tutorials/railsAngular
118 verbose already installed skipping gulp-inject@~1.3.1 /Users/g/w/tutorials/railsAngular
119 verbose already installed skipping gulp-jshint@~1.11.0 /Users/g/w/tutorials/railsAngular
120 verbose already installed skipping gulp-load-plugins@~0.10.0 /Users/g/w/tutorials/railsAngular
121 verbose already installed skipping gulp-minify-html@~1.0.3 /Users/g/w/tutorials/railsAngular
122 verbose already installed skipping gulp-ng-annotate@~1.0.0 /Users/g/w/tutorials/railsAngular
123 verbose already installed skipping gulp-protractor@~1.0.0 /Users/g/w/tutorials/railsAngular
124 verbose already installed skipping gulp-rename@~1.2.2 /Users/g/w/tutorials/railsAngular
125 verbose already installed skipping gulp-replace@~0.5.3 /Users/g/w/tutorials/railsAngular
126 verbose already installed skipping gulp-rev@~5.0.0 /Users/g/w/tutorials/railsAngular
127 verbose already installed skipping gulp-rev-replace@~0.4.2 /Users/g/w/tutorials/railsAngular
128 verbose already installed skipping gulp-size@~1.2.1 /Users/g/w/tutorials/railsAngular
129 verbose already installed skipping gulp-sourcemaps@~1.5.2 /Users/g/w/tutorials/railsAngular
130 verbose already installed skipping gulp-uglify@~1.2.0 /Users/g/w/tutorials/railsAngular
131 verbose already installed skipping gulp-useref@~1.2.0 /Users/g/w/tutorials/railsAngular
132 verbose already installed skipping gulp-util@~3.0.5 /Users/g/w/tutorials/railsAngular
133 verbose already installed skipping http-proxy-middleware@^0.2.0 /Users/g/w/tutorials/railsAngular
134 verbose already installed skipping jshint-stylish@~2.0.0 /Users/g/w/tutorials/railsAngular
135 verbose already installed skipping karma@~0.12.36 /Users/g/w/tutorials/railsAngular
136 verbose already installed skipping karma-angular-filesort@~0.1.0 /Users/g/w/tutorials/railsAngular
137 verbose already installed skipping karma-jasmine@~0.3.5 /Users/g/w/tutorials/railsAngular
138 verbose already installed skipping karma-ng-html2js-preprocessor@~0.1.2 /Users/g/w/tutorials/railsAngular
139 verbose already installed skipping karma-phantomjs-launcher@~0.2.0 /Users/g/w/tutorials/railsAngular
140 verbose already installed skipping lodash@~3.9.3 /Users/g/w/tutorials/railsAngular
141 verbose already installed skipping main-bower-files@~2.8.0 /Users/g/w/tutorials/railsAngular
142 verbose already installed skipping merge-stream@~0.1.7 /Users/g/w/tutorials/railsAngular
143 verbose already installed skipping require-dir@~0.3.0 /Users/g/w/tutorials/railsAngular
144 verbose already installed skipping uglify-save-license@~0.4.1 /Users/g/w/tutorials/railsAngular
145 verbose already installed skipping wiredep@~2.2.2 /Users/g/w/tutorials/railsAngular
146 verbose already installed skipping wrench@~1.5.8 /Users/g/w/tutorials/railsAngular
147 verbose already installed skipping browser-sync@~2.7.12 /Users/g/w/tutorials/railsAngular
148 verbose already installed skipping browser-sync-spa@~1.0.2 /Users/g/w/tutorials/railsAngular
149 verbose already installed skipping bower@^1.4.1 /Users/g/w/tutorials/railsAngular
150 verbose already installed skipping chalk@~1.0.0 /Users/g/w/tutorials/railsAngular
151 verbose already installed skipping concat-stream@~1.5.0 /Users/g/w/tutorials/railsAngular
152 verbose already installed skipping del@~1.2.0 /Users/g/w/tutorials/railsAngular
153 verbose already installed skipping gulp@~3.9.0 /Users/g/w/tutorials/railsAngular
154 verbose already installed skipping gulp-angular-filesort@~1.1.1 /Users/g/w/tutorials/railsAngular
155 verbose already installed skipping gulp-angular-templatecache@~1.6.0 /Users/g/w/tutorials/railsAngular
156 verbose already installed skipping gulp-autoprefixer@~2.3.1 /Users/g/w/tutorials/railsAngular
157 verbose already installed skipping gulp-csso@~1.0.0 /Users/g/w/tutorials/railsAngular
158 silly install resolved []
159 info build /Users/g/w/tutorials/railsAngular
160 info linkStuff angularRails@0.0.1
161 silly linkStuff angularRails@0.0.1 has /Users/g/w/tutorials as its parent node_modules
162 verbose linkBins angularRails@0.0.1
163 verbose linkMans angularRails@0.0.1
164 verbose rebuildBundles angularRails@0.0.1
165 verbose rebuildBundles [ '.bin',
165 verbose rebuildBundles   'bower',
165 verbose rebuildBundles   'browser-sync',
165 verbose rebuildBundles   'browser-sync-spa',
165 verbose rebuildBundles   'chalk',
165 verbose rebuildBundles   'concat-stream',
165 verbose rebuildBundles   'del',
165 verbose rebuildBundles   'gulp',
165 verbose rebuildBundles   'gulp-angular-filesort',
165 verbose rebuildBundles   'gulp-angular-templatecache',
165 verbose rebuildBundles   'gulp-autoprefixer',
165 verbose rebuildBundles   'gulp-csso',
165 verbose rebuildBundles   'gulp-filter',
165 verbose rebuildBundles   'gulp-flatten',
165 verbose rebuildBundles   'gulp-inject',
165 verbose rebuildBundles   'gulp-jshint',
165 verbose rebuildBundles   'gulp-load-plugins',
165 verbose rebuildBundles   'gulp-minify-html',
165 verbose rebuildBundles   'gulp-ng-annotate',
165 verbose rebuildBundles   'gulp-protractor',
165 verbose rebuildBundles   'gulp-rename',
165 verbose rebuildBundles   'gulp-replace',
165 verbose rebuildBundles   'gulp-rev',
165 verbose rebuildBundles   'gulp-rev-replace',
165 verbose rebuildBundles   'gulp-size',
165 verbose rebuildBundles   'gulp-sourcemaps',
165 verbose rebuildBundles   'gulp-uglify',
165 verbose rebuildBundles   'gulp-useref',
165 verbose rebuildBundles   'gulp-util',
165 verbose rebuildBundles   'http-proxy-middleware',
165 verbose rebuildBundles   'jasmine-core',
165 verbose rebuildBundles   'jshint-stylish',
165 verbose rebuildBundles   'karma',
165 verbose rebuildBundles   'karma-angular-filesort',
165 verbose rebuildBundles   'karma-jasmine',
165 verbose rebuildBundles   'karma-ng-html2js-preprocessor',
165 verbose rebuildBundles   'karma-phantomjs-launcher',
165 verbose rebuildBundles   'lodash',
165 verbose rebuildBundles   'main-bower-files',
165 verbose rebuildBundles   'merge-stream',
165 verbose rebuildBundles   'phantomjs',
165 verbose rebuildBundles   'require-dir',
165 verbose rebuildBundles   'uglify-save-license',
165 verbose rebuildBundles   'wiredep',
165 verbose rebuildBundles   'wrench' ]
166 verbose rebuild bundle /Users/g/w/tutorials/railsAngular/node_modules/jasmine-core
167 info build /Users/g/w/tutorials/railsAngular/node_modules/jasmine-core
168 info preinstall jasmine-core@2.3.4
169 info linkStuff jasmine-core@2.3.4
170 silly linkStuff jasmine-core@2.3.4 has /Users/g/w/tutorials/railsAngular/node_modules as its parent node_modules
171 verbose linkBins jasmine-core@2.3.4
172 verbose linkMans jasmine-core@2.3.4
173 verbose rebuildBundles jasmine-core@2.3.4
174 info install jasmine-core@2.3.4
175 info postinstall jasmine-core@2.3.4
176 verbose rebuild bundle /Users/g/w/tutorials/railsAngular/node_modules/phantomjs
177 info build /Users/g/w/tutorials/railsAngular/node_modules/phantomjs
178 info preinstall phantomjs@1.9.17
179 info linkStuff phantomjs@1.9.17
180 silly linkStuff phantomjs@1.9.17 has /Users/g/w/tutorials/railsAngular/node_modules as its parent node_modules
181 verbose linkBins phantomjs@1.9.17
182 verbose link bins [ { phantomjs: './bin/phantomjs' },
182 verbose link bins   '/Users/g/w/tutorials/railsAngular/node_modules/.bin',
182 verbose link bins   false ]
183 verbose linkMans phantomjs@1.9.17
184 verbose rebuildBundles phantomjs@1.9.17
185 verbose rebuildBundles [ '.bin',
185 verbose rebuildBundles   'adm-zip',
185 verbose rebuildBundles   'fs-extra',
185 verbose rebuildBundles   'kew',
185 verbose rebuildBundles   'npmconf',
185 verbose rebuildBundles   'progress',
185 verbose rebuildBundles   'request',
185 verbose rebuildBundles   'request-progress',
185 verbose rebuildBundles   'which' ]
186 silly gentlyRm /Users/g/w/tutorials/railsAngular/node_modules/.bin/phantomjs is being purged
187 verbose gentlyRm don't care about contents; nuking /Users/g/w/tutorials/railsAngular/node_modules/.bin/phantomjs
188 silly vacuum-fs purging /Users/g/w/tutorials/railsAngular/node_modules/.bin/phantomjs
189 silly vacuum-fs quitting because other entries in /Users/g/w/tutorials/railsAngular/node_modules/.bin
190 info install phantomjs@1.9.17
191 verbose unsafe-perm in lifecycle true
192 info postinstall phantomjs@1.9.17
193 info install angularRails@0.0.1
194 info postinstall angularRails@0.0.1
195 verbose unsafe-perm in lifecycle true
196 info angularRails@0.0.1 Failed to exec postinstall script
197 verbose stack Error: angularRails@0.0.1 postinstall: `bower install --config.interactive=false && cd client && gulp build`
197 verbose stack Exit status 1
197 verbose stack     at EventEmitter.<anonymous> (/usr/local/lib/node_modules/npm/lib/utils/lifecycle.js:213:16)
197 verbose stack     at EventEmitter.emit (events.js:110:17)
197 verbose stack     at ChildProcess.<anonymous> (/usr/local/lib/node_modules/npm/lib/utils/spawn.js:24:14)
197 verbose stack     at ChildProcess.emit (events.js:110:17)
197 verbose stack     at maybeClose (child_process.js:1015:16)
197 verbose stack     at Process.ChildProcess._handle.onexit (child_process.js:1087:5)
198 verbose pkgid angularRails@0.0.1
199 verbose cwd /Users/g/w/tutorials/railsAngular
200 error Darwin 14.4.0
201 error argv "node" "/usr/local/bin/npm" "install"
202 error node v0.12.7
203 error npm  v2.12.1
204 error code ELIFECYCLE
205 error angularRails@0.0.1 postinstall: `bower install --config.interactive=false && cd client && gulp build`
205 error Exit status 1
206 error Failed at the angularRails@0.0.1 postinstall script 'bower install --config.interactive=false && cd client && gulp build'.
206 error This is most likely a problem with the angularRails package,
206 error not with npm itself.
206 error Tell the author that this fails on your system:
206 error     bower install --config.interactive=false && cd client && gulp build
206 error You can get their info via:
206 error     npm owner ls angularRails
206 error There is likely additional logging output above.
207 verbose exit [ 1, true ]
